Using pre-set license
Built from '2020.3/staging' branch; Version is '2020.3.11f1 (99c7afb366b3) revision 10078127'; Using compiler version '192528614'; Build Type 'Release'
OS: 'Windows 10 Home Single Language; OS build 19044.1586; Version 2009; 64bit' Language: 'en' Physical Memory: 12184 MB
BatchMode: 1, IsHumanControllingUs: 0, StartBugReporterOnCrash: 0, Is64bit: 1, IsPro: 0

 COMMAND LINE ARGUMENTS:
E:\2020.3.11f1\Editor\Unity.exe
-adb2
-batchMode
-noUpm
-name
AssetImportWorker0
-projectPath
E:/Big Ball Race
-logFile
Logs/AssetImportWorker0.log
-srvPort
56033
Successfully changed project path to: E:/Big Ball Race
E:/Big Ball Race
Using Asset Import Pipeline V2.
Refreshing native plugins compatible for Editor in 124.06 ms, found 2 plugins.
Preloading 0 native plugins for Editor in 0.00 ms.
Initialize engine version: 2020.3.11f1 (99c7afb366b3)
[Subsystems] Discovering subsystems at path E:/2020.3.11f1/Editor/Data/Resources/UnitySubsystems
[Subsystems] Discovering subsystems at path E:/Big Ball Race/Assets
GfxDevice: creating device client; threaded=0
Direct3D:
    Version:  Direct3D 11.0 [level 11.1]
    Renderer: Intel(R) HD Graphics 520 (ID=0x1916)
    Vendor:   
    VRAM:     6092 MB
    Driver:   27.20.100.8681
Initialize mono
Mono path[0] = 'E:/2020.3.11f1/Editor/Data/Managed'
Mono path[1] = 'E:/2020.3.11f1/Editor/Data/MonoBleedingEdge/lib/mono/unityjit'
Mono config path = 'E:/2020.3.11f1/Editor/Data/MonoBleedingEdge/etc'
Using monoOptions --debugger-agent=transport=dt_socket,embedding=1,server=y,suspend=n,address=127.0.0.1:56824
Begin MonoManager ReloadAssembly
Registering precompiled unity dll's ...
Register platform support module: E:/2020.3.11f1/Editor/Data/PlaybackEngines/WindowsStandaloneSupport/UnityEditor.WindowsStandalone.Extensions.dll
Registered in 0.002457 seconds.
Native extension for WindowsStandalone target not found
Refreshing native plugins compatible for Editor in 98.53 ms, found 2 plugins.
Preloading 0 native plugins for Editor in 0.00 ms.
Mono: successfully reloaded assembly
- Completed reload, in  4.063 seconds
Platform modules already initialized, skipping
Registering precompiled user dll's ...
Registered in 0.019391 seconds.
Begin MonoManager ReloadAssembly
Native extension for WindowsStandalone target not found
Refreshing native plugins compatible for Editor in 1.76 ms, found 2 plugins.
Preloading 0 native plugins for Editor in 0.00 ms.
Mono: successfully reloaded assembly
- Completed reload, in  3.731 seconds
Platform modules already initialized, skipping
========================================================================
Worker process is ready to serve import requests
Launched and connected shader compiler UnityShaderCompiler.exe after 0.10 seconds
Refreshing native plugins compatible for Editor in 0.96 ms, found 2 plugins.
Preloading 0 native plugins for Editor in 0.00 ms.
Unloading 1604 Unused Serialized files (Serialized files now loaded: 0)
System memory in use before: 75.5 MB.
System memory in use after: 75.5 MB.

Unloading 64 unused Assets to reduce memory usage. Loaded Objects now: 2016.
Total: 3.358900 ms (FindLiveObjects: 0.297200 ms CreateObjectMapping: 0.090000 ms MarkObjects: 2.823200 ms  DeleteObjects: 0.146400 ms)

========================================================================
Received Import Request.
  path: Assets/3DModels/Materials/New Physic Material.physicMaterial
  artifactKey: Guid(1d19fdea05d982d4b9a818f6f0c30c2c) Importer(815301076,1909f56bfc062723c751e8b465ee728b)
Start importing Assets/3DModels/Materials/New Physic Material.physicMaterial using Guid(1d19fdea05d982d4b9a818f6f0c30c2c) Importer(815301076,1909f56bfc062723c751e8b465ee728b)  -> (artifact id: '901b5d15f2b74cd875dc6067f7a36515') in 0.104562 seconds
  Import took 0.113360 seconds .

========================================================================
Received Prepare
Registering precompiled user dll's ...
Registered in 0.034022 seconds.
Begin MonoManager ReloadAssembly
Native extension for WindowsStandalone target not found
Refreshing native plugins compatible for Editor in 1.46 ms, found 2 plugins.
Preloading 0 native plugins for Editor in 0.00 ms.
Mono: successfully reloaded assembly
- Completed reload, in  2.236 seconds
Platform modules already initialized, skipping
Refreshing native plugins compatible for Editor in 1.01 ms, found 2 plugins.
Preloading 0 native plugins for Editor in 0.00 ms.
Unloading 1584 Unused Serialized files (Serialized files now loaded: 0)
System memory in use before: 73.9 MB.
System memory in use after: 74.0 MB.

Unloading 59 unused Assets to reduce memory usage. Loaded Objects now: 2019.
Total: 3.255400 ms (FindLiveObjects: 0.274000 ms CreateObjectMapping: 0.185600 ms MarkObjects: 2.690600 ms  DeleteObjects: 0.103800 ms)

========================================================================
Received Prepare
Registering precompiled user dll's ...
Registered in 0.026996 seconds.
Begin MonoManager ReloadAssembly
Native extension for WindowsStandalone target not found
Refreshing native plugins compatible for Editor in 2.26 ms, found 2 plugins.
Preloading 0 native plugins for Editor in 0.00 ms.
Mono: successfully reloaded assembly
- Completed reload, in  2.719 seconds
Platform modules already initialized, skipping
Refreshing native plugins compatible for Editor in 1.61 ms, found 2 plugins.
Preloading 0 native plugins for Editor in 0.00 ms.
Unloading 1584 Unused Serialized files (Serialized files now loaded: 0)
System memory in use before: 74.0 MB.
System memory in use after: 74.0 MB.

Unloading 59 unused Assets to reduce memory usage. Loaded Objects now: 2022.
Total: 3.918300 ms (FindLiveObjects: 0.401700 ms CreateObjectMapping: 0.184200 ms MarkObjects: 3.196900 ms  DeleteObjects: 0.133600 ms)

========================================================================
Received Prepare
Registering precompiled user dll's ...
Registered in 0.026912 seconds.
Begin MonoManager ReloadAssembly
Native extension for WindowsStandalone target not found
Refreshing native plugins compatible for Editor in 1.17 ms, found 2 plugins.
Preloading 0 native plugins for Editor in 0.00 ms.
Mono: successfully reloaded assembly
- Completed reload, in  1.996 seconds
Platform modules already initialized, skipping
Refreshing native plugins compatible for Editor in 2.30 ms, found 2 plugins.
Preloading 0 native plugins for Editor in 0.00 ms.
Unloading 1584 Unused Serialized files (Serialized files now loaded: 0)
System memory in use before: 74.0 MB.
System memory in use after: 74.1 MB.

Unloading 59 unused Assets to reduce memory usage. Loaded Objects now: 2025.
Total: 2.980300 ms (FindLiveObjects: 0.210400 ms CreateObjectMapping: 0.084800 ms MarkObjects: 2.588300 ms  DeleteObjects: 0.095300 ms)

========================================================================
Received Prepare
Registering precompiled user dll's ...
Registered in 0.023177 seconds.
Begin MonoManager ReloadAssembly
Native extension for WindowsStandalone target not found
Refreshing native plugins compatible for Editor in 1.49 ms, found 2 plugins.
Preloading 0 native plugins for Editor in 0.00 ms.
Mono: successfully reloaded assembly
- Completed reload, in  2.423 seconds
Platform modules already initialized, skipping
Refreshing native plugins compatible for Editor in 1.26 ms, found 2 plugins.
Preloading 0 native plugins for Editor in 0.00 ms.
Unloading 1584 Unused Serialized files (Serialized files now loaded: 0)
System memory in use before: 74.0 MB.
System memory in use after: 74.1 MB.

Unloading 59 unused Assets to reduce memory usage. Loaded Objects now: 2028.
Total: 5.472800 ms (FindLiveObjects: 0.435200 ms CreateObjectMapping: 0.203900 ms MarkObjects: 4.682600 ms  DeleteObjects: 0.148900 ms)

========================================================================
Received Prepare
Registering precompiled user dll's ...
Registered in 0.019272 seconds.
Begin MonoManager ReloadAssembly
Native extension for WindowsStandalone target not found
Refreshing native plugins compatible for Editor in 1.01 ms, found 2 plugins.
Preloading 0 native plugins for Editor in 0.00 ms.
Mono: successfully reloaded assembly
- Completed reload, in  2.232 seconds
Platform modules already initialized, skipping
Refreshing native plugins compatible for Editor in 0.94 ms, found 2 plugins.
Preloading 0 native plugins for Editor in 0.00 ms.
Unloading 1584 Unused Serialized files (Serialized files now loaded: 0)
System memory in use before: 74.0 MB.
System memory in use after: 74.1 MB.

Unloading 59 unused Assets to reduce memory usage. Loaded Objects now: 2031.
Total: 3.348500 ms (FindLiveObjects: 0.245800 ms CreateObjectMapping: 0.085100 ms MarkObjects: 2.882800 ms  DeleteObjects: 0.132700 ms)

========================================================================
Received Prepare
Registering precompiled user dll's ...
Registered in 0.018215 seconds.
Begin MonoManager ReloadAssembly
Native extension for WindowsStandalone target not found
Refreshing native plugins compatible for Editor in 1.53 ms, found 2 plugins.
Preloading 0 native plugins for Editor in 0.00 ms.
Mono: successfully reloaded assembly
- Completed reload, in  2.348 seconds
Platform modules already initialized, skipping
Refreshing native plugins compatible for Editor in 1.67 ms, found 2 plugins.
Preloading 0 native plugins for Editor in 0.00 ms.
Unloading 1584 Unused Serialized files (Serialized files now loaded: 0)
System memory in use before: 74.0 MB.
System memory in use after: 74.1 MB.

Unloading 59 unused Assets to reduce memory usage. Loaded Objects now: 2034.
Total: 4.255000 ms (FindLiveObjects: 0.380400 ms CreateObjectMapping: 0.130400 ms MarkObjects: 3.584700 ms  DeleteObjects: 0.157500 ms)

========================================================================
Received Prepare
Registering precompiled user dll's ...
Registered in 0.019051 seconds.
Begin MonoManager ReloadAssembly
Native extension for WindowsStandalone target not found
Refreshing native plugins compatible for Editor in 0.99 ms, found 2 plugins.
Preloading 0 native plugins for Editor in 0.00 ms.
Mono: successfully reloaded assembly
- Completed reload, in  2.333 seconds
Platform modules already initialized, skipping
Refreshing native plugins compatible for Editor in 1.00 ms, found 2 plugins.
Preloading 0 native plugins for Editor in 0.00 ms.
Unloading 1584 Unused Serialized files (Serialized files now loaded: 0)
System memory in use before: 74.0 MB.
System memory in use after: 74.1 MB.

Unloading 59 unused Assets to reduce memory usage. Loaded Objects now: 2037.
Total: 2.987400 ms (FindLiveObjects: 0.217400 ms CreateObjectMapping: 0.095800 ms MarkObjects: 2.565000 ms  DeleteObjects: 0.107700 ms)

========================================================================
Received Prepare
Registering precompiled user dll's ...
Registered in 0.017271 seconds.
Begin MonoManager ReloadAssembly
Native extension for WindowsStandalone target not found
Refreshing native plugins compatible for Editor in 2.07 ms, found 2 plugins.
Preloading 0 native plugins for Editor in 0.00 ms.
Mono: successfully reloaded assembly
- Completed reload, in  2.233 seconds
Platform modules already initialized, skipping
Refreshing native plugins compatible for Editor in 1.30 ms, found 2 plugins.
Preloading 0 native plugins for Editor in 0.00 ms.
Unloading 1584 Unused Serialized files (Serialized files now loaded: 0)
System memory in use before: 74.0 MB.
System memory in use after: 74.1 MB.

Unloading 59 unused Assets to reduce memory usage. Loaded Objects now: 2040.
Total: 3.228200 ms (FindLiveObjects: 0.351600 ms CreateObjectMapping: 0.160400 ms MarkObjects: 2.607500 ms  DeleteObjects: 0.107000 ms)

========================================================================
Received Prepare
Registering precompiled user dll's ...
Registered in 0.042434 seconds.
Begin MonoManager ReloadAssembly
Native extension for WindowsStandalone target not found
Refreshing native plugins compatible for Editor in 2.88 ms, found 2 plugins.
Preloading 0 native plugins for Editor in 0.00 ms.
Mono: successfully reloaded assembly
- Completed reload, in  2.612 seconds
Platform modules already initialized, skipping
Refreshing native plugins compatible for Editor in 1.19 ms, found 2 plugins.
Preloading 0 native plugins for Editor in 0.00 ms.
Unloading 1584 Unused Serialized files (Serialized files now loaded: 0)
System memory in use before: 74.0 MB.
System memory in use after: 74.1 MB.

Unloading 59 unused Assets to reduce memory usage. Loaded Objects now: 2043.
Total: 6.471500 ms (FindLiveObjects: 1.401500 ms CreateObjectMapping: 0.253000 ms MarkObjects: 4.216700 ms  DeleteObjects: 0.598000 ms)

========================================================================
Received Prepare
Registering precompiled user dll's ...
Registered in 0.040773 seconds.
Begin MonoManager ReloadAssembly
Native extension for WindowsStandalone target not found
Refreshing native plugins compatible for Editor in 1.02 ms, found 2 plugins.
Preloading 0 native plugins for Editor in 0.00 ms.
Mono: successfully reloaded assembly
- Completed reload, in  2.360 seconds
Platform modules already initialized, skipping
Refreshing native plugins compatible for Editor in 1.06 ms, found 2 plugins.
Preloading 0 native plugins for Editor in 0.00 ms.
Unloading 1584 Unused Serialized files (Serialized files now loaded: 0)
System memory in use before: 74.0 MB.
System memory in use after: 74.1 MB.

Unloading 59 unused Assets to reduce memory usage. Loaded Objects now: 2046.
Total: 2.940400 ms (FindLiveObjects: 0.209800 ms CreateObjectMapping: 0.090500 ms MarkObjects: 2.383200 ms  DeleteObjects: 0.255200 ms)

========================================================================
Received Prepare
Registering precompiled user dll's ...
Registered in 0.021212 seconds.
Begin MonoManager ReloadAssembly
Native extension for WindowsStandalone target not found
Refreshing native plugins compatible for Editor in 3.01 ms, found 2 plugins.
Preloading 0 native plugins for Editor in 0.00 ms.
Mono: successfully reloaded assembly
- Completed reload, in  2.392 seconds
Platform modules already initialized, skipping
Refreshing native plugins compatible for Editor in 1.02 ms, found 2 plugins.
Preloading 0 native plugins for Editor in 0.00 ms.
Unloading 1584 Unused Serialized files (Serialized files now loaded: 0)
System memory in use before: 74.0 MB.
System memory in use after: 74.1 MB.

Unloading 59 unused Assets to reduce memory usage. Loaded Objects now: 2049.
Total: 4.439000 ms (FindLiveObjects: 0.249700 ms CreateObjectMapping: 0.091900 ms MarkObjects: 3.960800 ms  DeleteObjects: 0.134100 ms)

========================================================================
Received Prepare
Registering precompiled user dll's ...
Registered in 0.047909 seconds.
Begin MonoManager ReloadAssembly
Native extension for WindowsStandalone target not found
Refreshing native plugins compatible for Editor in 2.46 ms, found 2 plugins.
Preloading 0 native plugins for Editor in 0.00 ms.
Mono: successfully reloaded assembly
- Completed reload, in  8.468 seconds
Platform modules already initialized, skipping
Refreshing native plugins compatible for Editor in 3.63 ms, found 2 plugins.
Preloading 0 native plugins for Editor in 0.00 ms.
Unloading 1584 Unused Serialized files (Serialized files now loaded: 0)
System memory in use before: 74.0 MB.
System memory in use after: 74.1 MB.

Unloading 59 unused Assets to reduce memory usage. Loaded Objects now: 2052.
Total: 9.103000 ms (FindLiveObjects: 1.728300 ms CreateObjectMapping: 0.681000 ms MarkObjects: 6.541900 ms  DeleteObjects: 0.149100 ms)

========================================================================
Received Prepare
Registering precompiled user dll's ...
Registered in 0.019754 seconds.
Begin MonoManager ReloadAssembly
Native extension for WindowsStandalone target not found
Refreshing native plugins compatible for Editor in 3.77 ms, found 2 plugins.
Preloading 0 native plugins for Editor in 0.00 ms.
Mono: successfully reloaded assembly
- Completed reload, in  2.338 seconds
Platform modules already initialized, skipping
Refreshing native plugins compatible for Editor in 1.07 ms, found 2 plugins.
Preloading 0 native plugins for Editor in 0.00 ms.
Unloading 1584 Unused Serialized files (Serialized files now loaded: 0)
System memory in use before: 74.0 MB.
System memory in use after: 74.1 MB.

Unloading 59 unused Assets to reduce memory usage. Loaded Objects now: 2055.
Total: 5.374800 ms (FindLiveObjects: 0.398600 ms CreateObjectMapping: 0.139100 ms MarkObjects: 4.658800 ms  DeleteObjects: 0.175900 ms)

========================================================================
Received Prepare
Registering precompiled user dll's ...
Registered in 0.022834 seconds.
Begin MonoManager ReloadAssembly
Native extension for WindowsStandalone target not found
Refreshing native plugins compatible for Editor in 1.24 ms, found 2 plugins.
Preloading 0 native plugins for Editor in 0.00 ms.
Mono: successfully reloaded assembly
- Completed reload, in  2.223 seconds
Platform modules already initialized, skipping
Refreshing native plugins compatible for Editor in 1.07 ms, found 2 plugins.
Preloading 0 native plugins for Editor in 0.00 ms.
Unloading 1584 Unused Serialized files (Serialized files now loaded: 0)
System memory in use before: 74.0 MB.
System memory in use after: 74.1 MB.

Unloading 59 unused Assets to reduce memory usage. Loaded Objects now: 2058.
Total: 3.060400 ms (FindLiveObjects: 0.214800 ms CreateObjectMapping: 0.086700 ms MarkObjects: 2.632400 ms  DeleteObjects: 0.124800 ms)

========================================================================
Received Prepare
Registering precompiled user dll's ...
Registered in 0.017562 seconds.
Begin MonoManager ReloadAssembly
Native extension for WindowsStandalone target not found
Refreshing native plugins compatible for Editor in 1.59 ms, found 2 plugins.
Preloading 0 native plugins for Editor in 0.00 ms.
Mono: successfully reloaded assembly
- Completed reload, in  2.240 seconds
Platform modules already initialized, skipping
Refreshing native plugins compatible for Editor in 0.95 ms, found 2 plugins.
Preloading 0 native plugins for Editor in 0.00 ms.
Unloading 1584 Unused Serialized files (Serialized files now loaded: 0)
System memory in use before: 74.0 MB.
System memory in use after: 74.1 MB.

Unloading 59 unused Assets to reduce memory usage. Loaded Objects now: 2061.
Total: 4.109100 ms (FindLiveObjects: 0.356700 ms CreateObjectMapping: 0.158600 ms MarkObjects: 3.487500 ms  DeleteObjects: 0.104700 ms)

========================================================================
Received Prepare
Registering precompiled user dll's ...
Registered in 0.030242 seconds.
Begin MonoManager ReloadAssembly
Native extension for WindowsStandalone target not found
Refreshing native plugins compatible for Editor in 1.99 ms, found 2 plugins.
Preloading 0 native plugins for Editor in 0.00 ms.
Mono: successfully reloaded assembly
- Completed reload, in  3.335 seconds
Platform modules already initialized, skipping
Refreshing native plugins compatible for Editor in 2.19 ms, found 2 plugins.
Preloading 0 native plugins for Editor in 0.00 ms.
Unloading 1584 Unused Serialized files (Serialized files now loaded: 0)
System memory in use before: 74.1 MB.
System memory in use after: 74.1 MB.

Unloading 59 unused Assets to reduce memory usage. Loaded Objects now: 2064.
Total: 10.083500 ms (FindLiveObjects: 0.339600 ms CreateObjectMapping: 0.176400 ms MarkObjects: 9.373200 ms  DeleteObjects: 0.190600 ms)

========================================================================
Received Prepare
Registering precompiled user dll's ...
Registered in 0.053551 seconds.
Begin MonoManager ReloadAssembly
Native extension for WindowsStandalone target not found
Refreshing native plugins compatible for Editor in 3.40 ms, found 2 plugins.
Preloading 0 native plugins for Editor in 0.00 ms.
Mono: successfully reloaded assembly
- Completed reload, in  2.505 seconds
Platform modules already initialized, skipping
Refreshing native plugins compatible for Editor in 1.04 ms, found 2 plugins.
Preloading 0 native plugins for Editor in 0.00 ms.
Unloading 1584 Unused Serialized files (Serialized files now loaded: 0)
System memory in use before: 74.1 MB.
System memory in use after: 74.1 MB.

Unloading 59 unused Assets to reduce memory usage. Loaded Objects now: 2067.
Total: 3.415200 ms (FindLiveObjects: 0.324200 ms CreateObjectMapping: 0.127400 ms MarkObjects: 2.850800 ms  DeleteObjects: 0.110700 ms)

========================================================================
Received Prepare
Registering precompiled user dll's ...
Registered in 0.019068 seconds.
Begin MonoManager ReloadAssembly
Native extension for WindowsStandalone target not found
Refreshing native plugins compatible for Editor in 1.40 ms, found 2 plugins.
Preloading 0 native plugins for Editor in 0.00 ms.
Mono: successfully reloaded assembly
- Completed reload, in  2.228 seconds
Platform modules already initialized, skipping
Refreshing native plugins compatible for Editor in 0.99 ms, found 2 plugins.
Preloading 0 native plugins for Editor in 0.00 ms.
Unloading 1584 Unused Serialized files (Serialized files now loaded: 0)
System memory in use before: 74.1 MB.
System memory in use after: 74.1 MB.

Unloading 59 unused Assets to reduce memory usage. Loaded Objects now: 2070.
Total: 3.484900 ms (FindLiveObjects: 0.242500 ms CreateObjectMapping: 0.096600 ms MarkObjects: 3.044600 ms  DeleteObjects: 0.099200 ms)

========================================================================
Received Prepare
Registering precompiled user dll's ...
Registered in 0.140337 seconds.
Begin MonoManager ReloadAssembly
Native extension for WindowsStandalone target not found
Refreshing native plugins compatible for Editor in 2.28 ms, found 2 plugins.
Preloading 0 native plugins for Editor in 0.00 ms.
Mono: successfully reloaded assembly
- Completed reload, in  3.386 seconds
Platform modules already initialized, skipping
Refreshing native plugins compatible for Editor in 1.32 ms, found 2 plugins.
Preloading 0 native plugins for Editor in 0.00 ms.
Unloading 1584 Unused Serialized files (Serialized files now loaded: 0)
System memory in use before: 74.1 MB.
System memory in use after: 74.2 MB.

Unloading 59 unused Assets to reduce memory usage. Loaded Objects now: 2073.
Total: 4.088100 ms (FindLiveObjects: 0.697400 ms CreateObjectMapping: 0.114000 ms MarkObjects: 3.136200 ms  DeleteObjects: 0.137500 ms)

========================================================================
Received Prepare
Registering precompiled user dll's ...
Registered in 0.018336 seconds.
Begin MonoManager ReloadAssembly
Native extension for WindowsStandalone target not found
Refreshing native plugins compatible for Editor in 1.23 ms, found 2 plugins.
Preloading 0 native plugins for Editor in 0.00 ms.
Mono: successfully reloaded assembly
- Completed reload, in  2.280 seconds
Platform modules already initialized, skipping
Refreshing native plugins compatible for Editor in 1.25 ms, found 2 plugins.
Preloading 0 native plugins for Editor in 0.00 ms.
Unloading 1584 Unused Serialized files (Serialized files now loaded: 0)
System memory in use before: 74.1 MB.
System memory in use after: 74.2 MB.

Unloading 59 unused Assets to reduce memory usage. Loaded Objects now: 2076.
Total: 3.050000 ms (FindLiveObjects: 0.201900 ms CreateObjectMapping: 0.134600 ms MarkObjects: 2.616300 ms  DeleteObjects: 0.096000 ms)

========================================================================
Received Prepare
Registering precompiled user dll's ...
Registered in 0.053247 seconds.
Begin MonoManager ReloadAssembly
Native extension for WindowsStandalone target not found
Refreshing native plugins compatible for Editor in 2.84 ms, found 2 plugins.
Preloading 0 native plugins for Editor in 0.00 ms.
Mono: successfully reloaded assembly
- Completed reload, in  7.056 seconds
Platform modules already initialized, skipping
Refreshing native plugins compatible for Editor in 2.95 ms, found 2 plugins.
Preloading 0 native plugins for Editor in 0.00 ms.
Unloading 1584 Unused Serialized files (Serialized files now loaded: 0)
System memory in use before: 74.1 MB.
System memory in use after: 74.2 MB.

Unloading 59 unused Assets to reduce memory usage. Loaded Objects now: 2079.
Total: 21.267000 ms (FindLiveObjects: 7.420600 ms CreateObjectMapping: 0.335200 ms MarkObjects: 13.305200 ms  DeleteObjects: 0.201400 ms)

========================================================================
Received Prepare
Registering precompiled user dll's ...
Registered in 0.020928 seconds.
Begin MonoManager ReloadAssembly
Native extension for WindowsStandalone target not found
Refreshing native plugins compatible for Editor in 1.03 ms, found 2 plugins.
Preloading 0 native plugins for Editor in 0.04 ms.
Mono: successfully reloaded assembly
- Completed reload, in  2.189 seconds
Platform modules already initialized, skipping
Refreshing native plugins compatible for Editor in 1.19 ms, found 2 plugins.
Preloading 0 native plugins for Editor in 0.00 ms.
Unloading 1584 Unused Serialized files (Serialized files now loaded: 0)
System memory in use before: 74.1 MB.
System memory in use after: 74.2 MB.

Unloading 59 unused Assets to reduce memory usage. Loaded Objects now: 2082.
Total: 4.129400 ms (FindLiveObjects: 0.238200 ms CreateObjectMapping: 0.123500 ms MarkObjects: 3.632500 ms  DeleteObjects: 0.133500 ms)

========================================================================
Received Prepare
Registering precompiled user dll's ...
Registered in 0.027678 seconds.
Begin MonoManager ReloadAssembly
Native extension for WindowsStandalone target not found
Refreshing native plugins compatible for Editor in 1.68 ms, found 2 plugins.
Preloading 0 native plugins for Editor in 0.00 ms.
Mono: successfully reloaded assembly
- Completed reload, in  3.196 seconds
Platform modules already initialized, skipping
Refreshing native plugins compatible for Editor in 1.68 ms, found 2 plugins.
Preloading 0 native plugins for Editor in 0.00 ms.
Unloading 1584 Unused Serialized files (Serialized files now loaded: 0)
System memory in use before: 74.1 MB.
System memory in use after: 74.2 MB.

Unloading 59 unused Assets to reduce memory usage. Loaded Objects now: 2085.
Total: 12.930900 ms (FindLiveObjects: 5.575000 ms CreateObjectMapping: 0.312200 ms MarkObjects: 6.841500 ms  DeleteObjects: 0.198200 ms)

========================================================================
Received Prepare
Registering precompiled user dll's ...
Registered in 0.187329 seconds.
Begin MonoManager ReloadAssembly
Native extension for WindowsStandalone target not found
Refreshing native plugins compatible for Editor in 5.57 ms, found 2 plugins.
Preloading 0 native plugins for Editor in 0.00 ms.
Mono: successfully reloaded assembly
- Completed reload, in 23.786 seconds
Platform modules already initialized, skipping
Refreshing native plugins compatible for Editor in 8.70 ms, found 2 plugins.
Preloading 0 native plugins for Editor in 0.00 ms.
Unloading 1584 Unused Serialized files (Serialized files now loaded: 0)
System memory in use before: 74.1 MB.
System memory in use after: 74.2 MB.

Unloading 59 unused Assets to reduce memory usage. Loaded Objects now: 2088.
Total: 16.238600 ms (FindLiveObjects: 1.163800 ms CreateObjectMapping: 1.102000 ms MarkObjects: 13.510000 ms  DeleteObjects: 0.456400 ms)

========================================================================
Received Prepare
Registering precompiled user dll's ...
Registered in 0.094115 seconds.
Begin MonoManager ReloadAssembly
Native extension for WindowsStandalone target not found
Refreshing native plugins compatible for Editor in 2.95 ms, found 2 plugins.
Preloading 0 native plugins for Editor in 0.00 ms.
Mono: successfully reloaded assembly
- Completed reload, in  7.118 seconds
Platform modules already initialized, skipping
Refreshing native plugins compatible for Editor in 2.78 ms, found 2 plugins.
Preloading 0 native plugins for Editor in 0.00 ms.
Unloading 1584 Unused Serialized files (Serialized files now loaded: 0)
System memory in use before: 74.1 MB.
System memory in use after: 74.2 MB.

Unloading 59 unused Assets to reduce memory usage. Loaded Objects now: 2091.
Total: 7.673100 ms (FindLiveObjects: 0.332200 ms CreateObjectMapping: 0.360700 ms MarkObjects: 6.862800 ms  DeleteObjects: 0.115200 ms)

========================================================================
Received Import Request.
  Time since last request: 9474.799640 seconds.
  path: Assets/Scripts/BallHandler.cs
  artifactKey: Guid(fcec6d9001f808e4f8f505f023ec77af) Importer(815301076,1909f56bfc062723c751e8b465ee728b)
Start importing Assets/Scripts/BallHandler.cs using Guid(fcec6d9001f808e4f8f505f023ec77af) Importer(815301076,1909f56bfc062723c751e8b465ee728b)  -> (artifact id: 'efc136afd0dbf007fa1903af4f168ee0') in 0.094579 seconds
  Import took 0.104778 seconds .

========================================================================
Received Prepare
Registering precompiled user dll's ...
Registered in 0.019534 seconds.
Begin MonoManager ReloadAssembly
Native extension for WindowsStandalone target not found
Refreshing native plugins compatible for Editor in 1.13 ms, found 2 plugins.
Preloading 0 native plugins for Editor in 0.00 ms.
Mono: successfully reloaded assembly
- Completed reload, in  2.382 seconds
Platform modules already initialized, skipping
Refreshing native plugins compatible for Editor in 1.37 ms, found 2 plugins.
Preloading 0 native plugins for Editor in 0.00 ms.
Unloading 1584 Unused Serialized files (Serialized files now loaded: 0)
System memory in use before: 74.1 MB.
System memory in use after: 74.2 MB.

Unloading 59 unused Assets to reduce memory usage. Loaded Objects now: 2094.
Total: 5.425600 ms (FindLiveObjects: 0.421900 ms CreateObjectMapping: 0.346300 ms MarkObjects: 4.370500 ms  DeleteObjects: 0.283900 ms)

========================================================================
Received Import Request.
  Time since last request: 128.372861 seconds.
  path: Assets/Scripts/BallHandler.cs
  artifactKey: Guid(fcec6d9001f808e4f8f505f023ec77af) Importer(815301076,1909f56bfc062723c751e8b465ee728b)
Start importing Assets/Scripts/BallHandler.cs using Guid(fcec6d9001f808e4f8f505f023ec77af) Importer(815301076,1909f56bfc062723c751e8b465ee728b)  -> (artifact id: '5cc6a216d5fbc09cbf85d8124affa421') in 0.024300 seconds
  Import took 0.032896 seconds .

========================================================================
Received Prepare
Registering precompiled user dll's ...
Registered in 0.027298 seconds.
Begin MonoManager ReloadAssembly
Native extension for WindowsStandalone target not found
Refreshing native plugins compatible for Editor in 1.21 ms, found 2 plugins.
Preloading 0 native plugins for Editor in 0.00 ms.
Mono: successfully reloaded assembly
- Completed reload, in  2.727 seconds
Platform modules already initialized, skipping
Refreshing native plugins compatible for Editor in 1.17 ms, found 2 plugins.
Preloading 0 native plugins for Editor in 0.00 ms.
Unloading 1584 Unused Serialized files (Serialized files now loaded: 0)
System memory in use before: 74.1 MB.
System memory in use after: 74.2 MB.

Unloading 59 unused Assets to reduce memory usage. Loaded Objects now: 2097.
Total: 6.625500 ms (FindLiveObjects: 0.653700 ms CreateObjectMapping: 0.226200 ms MarkObjects: 5.525800 ms  DeleteObjects: 0.217500 ms)

========================================================================
Received Import Request.
  Time since last request: 88.778790 seconds.
  path: Assets/Scripts/BallHandler.cs
  artifactKey: Guid(fcec6d9001f808e4f8f505f023ec77af) Importer(815301076,1909f56bfc062723c751e8b465ee728b)
Start importing Assets/Scripts/BallHandler.cs using Guid(fcec6d9001f808e4f8f505f023ec77af) Importer(815301076,1909f56bfc062723c751e8b465ee728b)  -> (artifact id: '5e0c64e35af54160ddaa70e65b6a2a12') in 0.045053 seconds
  Import took 0.053682 seconds .

========================================================================
Received Prepare
Registering precompiled user dll's ...
Registered in 0.019968 seconds.
Begin MonoManager ReloadAssembly
Native extension for WindowsStandalone target not found
Refreshing native plugins compatible for Editor in 2.04 ms, found 2 plugins.
Preloading 0 native plugins for Editor in 0.00 ms.
Mono: successfully reloaded assembly
- Completed reload, in  3.355 seconds
Platform modules already initialized, skipping
Refreshing native plugins compatible for Editor in 1.93 ms, found 2 plugins.
Preloading 0 native plugins for Editor in 0.00 ms.
Unloading 1584 Unused Serialized files (Serialized files now loaded: 0)
System memory in use before: 74.1 MB.
System memory in use after: 74.2 MB.

Unloading 59 unused Assets to reduce memory usage. Loaded Objects now: 2100.
Total: 8.483700 ms (FindLiveObjects: 0.442600 ms CreateObjectMapping: 0.165600 ms MarkObjects: 7.660500 ms  DeleteObjects: 0.211800 ms)

========================================================================
Received Import Request.
  Time since last request: 168.732371 seconds.
  path: Assets/Scripts/BallHandler.cs
  artifactKey: Guid(fcec6d9001f808e4f8f505f023ec77af) Importer(815301076,1909f56bfc062723c751e8b465ee728b)
Start importing Assets/Scripts/BallHandler.cs using Guid(fcec6d9001f808e4f8f505f023ec77af) Importer(815301076,1909f56bfc062723c751e8b465ee728b)  -> (artifact id: '2021544d854f8675dd77694795abbca0') in 0.015718 seconds
  Import took 0.026902 seconds .

========================================================================
Received Prepare
Registering precompiled user dll's ...
Registered in 0.024003 seconds.
Begin MonoManager ReloadAssembly
Native extension for WindowsStandalone target not found
Refreshing native plugins compatible for Editor in 1.36 ms, found 2 plugins.
Preloading 0 native plugins for Editor in 0.00 ms.
Mono: successfully reloaded assembly
- Completed reload, in  2.109 seconds
Platform modules already initialized, skipping
Refreshing native plugins compatible for Editor in 1.11 ms, found 2 plugins.
Preloading 0 native plugins for Editor in 0.00 ms.
Unloading 1584 Unused Serialized files (Serialized files now loaded: 0)
System memory in use before: 74.1 MB.
System memory in use after: 74.2 MB.

Unloading 59 unused Assets to reduce memory usage. Loaded Objects now: 2103.
Total: 4.455900 ms (FindLiveObjects: 0.249200 ms CreateObjectMapping: 0.090200 ms MarkObjects: 3.988700 ms  DeleteObjects: 0.126000 ms)

========================================================================
Received Import Request.
  Time since last request: 3283.379780 seconds.
  path: Assets/Scripts/BallHandler.cs
  artifactKey: Guid(fcec6d9001f808e4f8f505f023ec77af) Importer(815301076,1909f56bfc062723c751e8b465ee728b)
Start importing Assets/Scripts/BallHandler.cs using Guid(fcec6d9001f808e4f8f505f023ec77af) Importer(815301076,1909f56bfc062723c751e8b465ee728b)  -> (artifact id: '74f3a5ab1cdc202a2ba2218b67c646b9') in 0.010664 seconds
  Import took 0.014882 seconds .

========================================================================
Received Prepare
Registering precompiled user dll's ...
Registered in 0.025969 seconds.
Begin MonoManager ReloadAssembly
Native extension for WindowsStandalone target not found
Refreshing native plugins compatible for Editor in 0.97 ms, found 2 plugins.
Preloading 0 native plugins for Editor in 0.00 ms.
Mono: successfully reloaded assembly
- Completed reload, in  1.975 seconds
Platform modules already initialized, skipping
Refreshing native plugins compatible for Editor in 1.26 ms, found 2 plugins.
Preloading 0 native plugins for Editor in 0.00 ms.
Unloading 1584 Unused Serialized files (Serialized files now loaded: 0)
System memory in use before: 74.2 MB.
System memory in use after: 74.2 MB.

Unloading 59 unused Assets to reduce memory usage. Loaded Objects now: 2106.
Total: 2.964900 ms (FindLiveObjects: 0.203800 ms CreateObjectMapping: 0.084600 ms MarkObjects: 2.570700 ms  DeleteObjects: 0.104300 ms)

========================================================================
Received Import Request.
  Time since last request: 100.876481 seconds.
  path: Assets/Scripts/BallHandler.cs
  artifactKey: Guid(fcec6d9001f808e4f8f505f023ec77af) Importer(815301076,1909f56bfc062723c751e8b465ee728b)
Start importing Assets/Scripts/BallHandler.cs using Guid(fcec6d9001f808e4f8f505f023ec77af) Importer(815301076,1909f56bfc062723c751e8b465ee728b)  -> (artifact id: 'cf13d7b25f4282512f773e83224e3577') in 0.008873 seconds
  Import took 0.012741 seconds .

========================================================================
Received Prepare
Registering precompiled user dll's ...
Registered in 0.025610 seconds.
Begin MonoManager ReloadAssembly
Native extension for WindowsStandalone target not found
Refreshing native plugins compatible for Editor in 0.97 ms, found 2 plugins.
Preloading 0 native plugins for Editor in 0.00 ms.
Mono: successfully reloaded assembly
- Completed reload, in  2.024 seconds
Platform modules already initialized, skipping
Refreshing native plugins compatible for Editor in 1.10 ms, found 2 plugins.
Preloading 0 native plugins for Editor in 0.00 ms.
Unloading 1584 Unused Serialized files (Serialized files now loaded: 0)
System memory in use before: 74.2 MB.
System memory in use after: 74.2 MB.

Unloading 59 unused Assets to reduce memory usage. Loaded Objects now: 2109.
Total: 3.653300 ms (FindLiveObjects: 0.205700 ms CreateObjectMapping: 0.079300 ms MarkObjects: 3.208000 ms  DeleteObjects: 0.158400 ms)

========================================================================
Received Import Request.
  Time since last request: 88.004808 seconds.
  path: Assets/Scripts/BallHandler.cs
  artifactKey: Guid(fcec6d9001f808e4f8f505f023ec77af) Importer(815301076,1909f56bfc062723c751e8b465ee728b)
Start importing Assets/Scripts/BallHandler.cs using Guid(fcec6d9001f808e4f8f505f023ec77af) Importer(815301076,1909f56bfc062723c751e8b465ee728b)  -> (artifact id: '4b6b59f6cd9d7005de0c0f74862977f8') in 0.011208 seconds
  Import took 0.018450 seconds .

========================================================================
Received Prepare
Registering precompiled user dll's ...
Registered in 0.019330 seconds.
Begin MonoManager ReloadAssembly
Native extension for WindowsStandalone target not found
Refreshing native plugins compatible for Editor in 0.94 ms, found 2 plugins.
Preloading 0 native plugins for Editor in 0.00 ms.
Mono: successfully reloaded assembly
- Completed reload, in  2.103 seconds
Platform modules already initialized, skipping
Refreshing native plugins compatible for Editor in 1.07 ms, found 2 plugins.
Preloading 0 native plugins for Editor in 0.00 ms.
Unloading 1584 Unused Serialized files (Serialized files now loaded: 0)
System memory in use before: 74.2 MB.
System memory in use after: 74.2 MB.

Unloading 59 unused Assets to reduce memory usage. Loaded Objects now: 2112.
Total: 3.647900 ms (FindLiveObjects: 0.360700 ms CreateObjectMapping: 0.143900 ms MarkObjects: 3.047900 ms  DeleteObjects: 0.093700 ms)

========================================================================
Received Import Request.
  Time since last request: 149.174007 seconds.
  path: Assets/Scripts/BallHandler.cs
  artifactKey: Guid(fcec6d9001f808e4f8f505f023ec77af) Importer(815301076,1909f56bfc062723c751e8b465ee728b)
Start importing Assets/Scripts/BallHandler.cs using Guid(fcec6d9001f808e4f8f505f023ec77af) Importer(815301076,1909f56bfc062723c751e8b465ee728b)  -> (artifact id: 'e8d2abd285a97c45d50ff03f920b2c43') in 0.009064 seconds
  Import took 0.014163 seconds .

========================================================================
Received Prepare
Registering precompiled user dll's ...
Registered in 0.019933 seconds.
Begin MonoManager ReloadAssembly
Native extension for WindowsStandalone target not found
Refreshing native plugins compatible for Editor in 1.08 ms, found 2 plugins.
Preloading 0 native plugins for Editor in 0.00 ms.
Mono: successfully reloaded assembly
- Completed reload, in  2.065 seconds
Platform modules already initialized, skipping
Refreshing native plugins compatible for Editor in 2.40 ms, found 2 plugins.
Preloading 0 native plugins for Editor in 0.00 ms.
Unloading 1584 Unused Serialized files (Serialized files now loaded: 0)
System memory in use before: 74.2 MB.
System memory in use after: 74.3 MB.

Unloading 59 unused Assets to reduce memory usage. Loaded Objects now: 2115.
Total: 4.281900 ms (FindLiveObjects: 0.216000 ms CreateObjectMapping: 0.135300 ms MarkObjects: 3.811900 ms  DeleteObjects: 0.117100 ms)

========================================================================
Received Import Request.
  Time since last request: 127.105739 seconds.
  path: Assets/Scripts/BallHandler.cs
  artifactKey: Guid(fcec6d9001f808e4f8f505f023ec77af) Importer(815301076,1909f56bfc062723c751e8b465ee728b)
Start importing Assets/Scripts/BallHandler.cs using Guid(fcec6d9001f808e4f8f505f023ec77af) Importer(815301076,1909f56bfc062723c751e8b465ee728b)  -> (artifact id: 'fefb9db39ba73760c0c8d4a462da06bd') in 0.024376 seconds
  Import took 0.030490 seconds .

========================================================================
Received Prepare
Registering precompiled user dll's ...
Registered in 0.024947 seconds.
Begin MonoManager ReloadAssembly
Native extension for WindowsStandalone target not found
Refreshing native plugins compatible for Editor in 1.16 ms, found 2 plugins.
Preloading 0 native plugins for Editor in 0.00 ms.
Mono: successfully reloaded assembly
- Completed reload, in  3.626 seconds
Platform modules already initialized, skipping
Refreshing native plugins compatible for Editor in 1.27 ms, found 2 plugins.
Preloading 0 native plugins for Editor in 0.00 ms.
Unloading 1584 Unused Serialized files (Serialized files now loaded: 0)
System memory in use before: 74.2 MB.
System memory in use after: 74.3 MB.

Unloading 59 unused Assets to reduce memory usage. Loaded Objects now: 2118.
Total: 8.511500 ms (FindLiveObjects: 0.211100 ms CreateObjectMapping: 0.088700 ms MarkObjects: 8.050200 ms  DeleteObjects: 0.159600 ms)

========================================================================
Received Prepare
Registering precompiled user dll's ...
Registered in 0.031002 seconds.
Begin MonoManager ReloadAssembly
Native extension for WindowsStandalone target not found
Refreshing native plugins compatible for Editor in 0.96 ms, found 2 plugins.
Preloading 0 native plugins for Editor in 0.00 ms.
Mono: successfully reloaded assembly
- Completed reload, in  2.508 seconds
Platform modules already initialized, skipping
Refreshing native plugins compatible for Editor in 1.24 ms, found 2 plugins.
Preloading 0 native plugins for Editor in 0.00 ms.
Unloading 1584 Unused Serialized files (Serialized files now loaded: 0)
System memory in use before: 74.2 MB.
System memory in use after: 74.3 MB.

Unloading 59 unused Assets to reduce memory usage. Loaded Objects now: 2121.
Total: 3.932700 ms (FindLiveObjects: 0.394500 ms CreateObjectMapping: 0.276800 ms MarkObjects: 3.134400 ms  DeleteObjects: 0.124800 ms)

========================================================================
Received Import Request.
  Time since last request: 206.338253 seconds.
  path: Assets/Scripts/BallHandler.cs
  artifactKey: Guid(fcec6d9001f808e4f8f505f023ec77af) Importer(815301076,1909f56bfc062723c751e8b465ee728b)
Start importing Assets/Scripts/BallHandler.cs using Guid(fcec6d9001f808e4f8f505f023ec77af) Importer(815301076,1909f56bfc062723c751e8b465ee728b)  -> (artifact id: '0ec4f9b54d5fa4a0a8b4288bfb83892c') in 0.007364 seconds
  Import took 0.023212 seconds .

========================================================================
Received Prepare
Registering precompiled user dll's ...
Registered in 0.025851 seconds.
Begin MonoManager ReloadAssembly
Native extension for WindowsStandalone target not found
Refreshing native plugins compatible for Editor in 1.52 ms, found 2 plugins.
Preloading 0 native plugins for Editor in 0.00 ms.
Mono: successfully reloaded assembly
- Completed reload, in  2.104 seconds
Platform modules already initialized, skipping
Refreshing native plugins compatible for Editor in 1.02 ms, found 2 plugins.
Preloading 0 native plugins for Editor in 0.00 ms.
Unloading 1584 Unused Serialized files (Serialized files now loaded: 0)
System memory in use before: 74.2 MB.
System memory in use after: 74.3 MB.

Unloading 59 unused Assets to reduce memory usage. Loaded Objects now: 2124.
Total: 4.270400 ms (FindLiveObjects: 0.331600 ms CreateObjectMapping: 0.101100 ms MarkObjects: 3.734500 ms  DeleteObjects: 0.101100 ms)

========================================================================
Received Import Request.
  Time since last request: 109.219369 seconds.
  path: Assets/Scripts/BallHandler.cs
  artifactKey: Guid(fcec6d9001f808e4f8f505f023ec77af) Importer(815301076,1909f56bfc062723c751e8b465ee728b)
Start importing Assets/Scripts/BallHandler.cs using Guid(fcec6d9001f808e4f8f505f023ec77af) Importer(815301076,1909f56bfc062723c751e8b465ee728b)  -> (artifact id: 'd537682fc8033283549cc128ed05cfd9') in 0.009864 seconds
  Import took 0.014606 seconds .

========================================================================
Received Prepare
Registering precompiled user dll's ...
Registered in 0.088686 seconds.
Begin MonoManager ReloadAssembly
Native extension for WindowsStandalone target not found
Refreshing native plugins compatible for Editor in 1.06 ms, found 2 plugins.
Preloading 0 native plugins for Editor in 0.00 ms.
Mono: successfully reloaded assembly
- Completed reload, in  2.293 seconds
Platform modules already initialized, skipping
Refreshing native plugins compatible for Editor in 1.18 ms, found 2 plugins.
Preloading 0 native plugins for Editor in 0.00 ms.
Unloading 1584 Unused Serialized files (Serialized files now loaded: 0)
System memory in use before: 74.2 MB.
System memory in use after: 74.3 MB.

Unloading 59 unused Assets to reduce memory usage. Loaded Objects now: 2127.
Total: 3.975200 ms (FindLiveObjects: 0.309700 ms CreateObjectMapping: 0.118300 ms MarkObjects: 3.437900 ms  DeleteObjects: 0.107900 ms)

========================================================================
Received Import Request.
  Time since last request: 568.158029 seconds.
  path: Assets/Scripts/BallHandler.cs
  artifactKey: Guid(fcec6d9001f808e4f8f505f023ec77af) Importer(815301076,1909f56bfc062723c751e8b465ee728b)
Start importing Assets/Scripts/BallHandler.cs using Guid(fcec6d9001f808e4f8f505f023ec77af) Importer(815301076,1909f56bfc062723c751e8b465ee728b)  -> (artifact id: '029bdbbd9f696781ffbde99b3cc8ed19') in 0.007041 seconds
  Import took 0.011020 seconds .

========================================================================
Received Prepare
Registering precompiled user dll's ...
Registered in 0.034382 seconds.
Begin MonoManager ReloadAssembly
Native extension for WindowsStandalone target not found
Refreshing native plugins compatible for Editor in 1.08 ms, found 2 plugins.
Preloading 0 native plugins for Editor in 0.00 ms.
Mono: successfully reloaded assembly
- Completed reload, in  2.064 seconds
Platform modules already initialized, skipping
Refreshing native plugins compatible for Editor in 1.26 ms, found 2 plugins.
Preloading 0 native plugins for Editor in 0.00 ms.
Unloading 1584 Unused Serialized files (Serialized files now loaded: 0)
System memory in use before: 74.2 MB.
System memory in use after: 74.3 MB.

Unloading 59 unused Assets to reduce memory usage. Loaded Objects now: 2130.
Total: 3.873200 ms (FindLiveObjects: 0.352400 ms CreateObjectMapping: 0.135000 ms MarkObjects: 3.276900 ms  DeleteObjects: 0.107100 ms)

========================================================================
Received Import Request.
  Time since last request: 140.051496 seconds.
  path: Assets/Scripts/BallHandler.cs
  artifactKey: Guid(fcec6d9001f808e4f8f505f023ec77af) Importer(815301076,1909f56bfc062723c751e8b465ee728b)
Start importing Assets/Scripts/BallHandler.cs using Guid(fcec6d9001f808e4f8f505f023ec77af) Importer(815301076,1909f56bfc062723c751e8b465ee728b)  -> (artifact id: 'd629fa150825fd27b1a2de9c86ab995b') in 0.006323 seconds
  Import took 0.010762 seconds .

========================================================================
Received Prepare
Registering precompiled user dll's ...
Registered in 0.021021 seconds.
Begin MonoManager ReloadAssembly
Native extension for WindowsStandalone target not found
Refreshing native plugins compatible for Editor in 1.78 ms, found 2 plugins.
Preloading 0 native plugins for Editor in 0.00 ms.
Mono: successfully reloaded assembly
- Completed reload, in  3.095 seconds
Platform modules already initialized, skipping
Refreshing native plugins compatible for Editor in 2.18 ms, found 2 plugins.
Preloading 0 native plugins for Editor in 0.00 ms.
Unloading 1584 Unused Serialized files (Serialized files now loaded: 0)
System memory in use before: 74.2 MB.
System memory in use after: 74.3 MB.

Unloading 59 unused Assets to reduce memory usage. Loaded Objects now: 2133.
Total: 6.225100 ms (FindLiveObjects: 0.383200 ms CreateObjectMapping: 0.173200 ms MarkObjects: 5.535500 ms  DeleteObjects: 0.131300 ms)

========================================================================
Received Import Request.
  Time since last request: 119.462471 seconds.
  path: Assets/Scripts/BallHandler.cs
  artifactKey: Guid(fcec6d9001f808e4f8f505f023ec77af) Importer(815301076,1909f56bfc062723c751e8b465ee728b)
Start importing Assets/Scripts/BallHandler.cs using Guid(fcec6d9001f808e4f8f505f023ec77af) Importer(815301076,1909f56bfc062723c751e8b465ee728b)  -> (artifact id: 'f4f186d7e530a2b4b51a63ee6afdf964') in 0.020217 seconds
  Import took 0.027049 seconds .

========================================================================
Received Prepare
Registering precompiled user dll's ...
Registered in 0.021395 seconds.
Begin MonoManager ReloadAssembly
Native extension for WindowsStandalone target not found
Refreshing native plugins compatible for Editor in 0.94 ms, found 2 plugins.
Preloading 0 native plugins for Editor in 0.00 ms.
Mono: successfully reloaded assembly
- Completed reload, in  2.671 seconds
Platform modules already initialized, skipping
Refreshing native plugins compatible for Editor in 1.02 ms, found 2 plugins.
Preloading 0 native plugins for Editor in 0.00 ms.
Unloading 1584 Unused Serialized files (Serialized files now loaded: 0)
System memory in use before: 74.2 MB.
System memory in use after: 74.3 MB.

Unloading 59 unused Assets to reduce memory usage. Loaded Objects now: 2136.
Total: 4.450300 ms (FindLiveObjects: 0.236700 ms CreateObjectMapping: 0.095200 ms MarkObjects: 4.013400 ms  DeleteObjects: 0.102200 ms)

========================================================================
Received Import Request.
  Time since last request: 68.247617 seconds.
  path: Assets/Scripts/BallHandler.cs
  artifactKey: Guid(fcec6d9001f808e4f8f505f023ec77af) Importer(815301076,1909f56bfc062723c751e8b465ee728b)
Start importing Assets/Scripts/BallHandler.cs using Guid(fcec6d9001f808e4f8f505f023ec77af) Importer(815301076,1909f56bfc062723c751e8b465ee728b)  -> (artifact id: '712ee5a06e5c04d9bb054cb8e579297e') in 0.011552 seconds
  Import took 0.017592 seconds .

========================================================================
Received Prepare
Registering precompiled user dll's ...
Registered in 0.017651 seconds.
Begin MonoManager ReloadAssembly
Native extension for WindowsStandalone target not found
Refreshing native plugins compatible for Editor in 1.11 ms, found 2 plugins.
Preloading 0 native plugins for Editor in 0.00 ms.
Mono: successfully reloaded assembly
- Completed reload, in  1.872 seconds
Platform modules already initialized, skipping
Refreshing native plugins compatible for Editor in 1.05 ms, found 2 plugins.
Preloading 0 native plugins for Editor in 0.00 ms.
Unloading 1584 Unused Serialized files (Serialized files now loaded: 0)
System memory in use before: 74.2 MB.
System memory in use after: 74.3 MB.

Unloading 59 unused Assets to reduce memory usage. Loaded Objects now: 2139.
Total: 3.678800 ms (FindLiveObjects: 0.343600 ms CreateObjectMapping: 0.139200 ms MarkObjects: 3.091600 ms  DeleteObjects: 0.102900 ms)

========================================================================
Received Prepare
Registering precompiled user dll's ...
Registered in 0.021278 seconds.
Begin MonoManager ReloadAssembly
Native extension for WindowsStandalone target not found
Refreshing native plugins compatible for Editor in 1.52 ms, found 2 plugins.
Preloading 0 native plugins for Editor in 0.00 ms.
Mono: successfully reloaded assembly
- Completed reload, in  2.277 seconds
Platform modules already initialized, skipping
Refreshing native plugins compatible for Editor in 1.25 ms, found 2 plugins.
Preloading 0 native plugins for Editor in 0.00 ms.
Unloading 1584 Unused Serialized files (Serialized files now loaded: 0)
System memory in use before: 74.2 MB.
System memory in use after: 74.3 MB.

Unloading 59 unused Assets to reduce memory usage. Loaded Objects now: 2142.
Total: 3.470200 ms (FindLiveObjects: 0.226600 ms CreateObjectMapping: 0.093600 ms MarkObjects: 3.051300 ms  DeleteObjects: 0.097000 ms)

========================================================================
Received Import Request.
  Time since last request: 170.661741 seconds.
  path: Assets/Scripts/BallHandler.cs
  artifactKey: Guid(fcec6d9001f808e4f8f505f023ec77af) Importer(815301076,1909f56bfc062723c751e8b465ee728b)
Start importing Assets/Scripts/BallHandler.cs using Guid(fcec6d9001f808e4f8f505f023ec77af) Importer(815301076,1909f56bfc062723c751e8b465ee728b)  -> (artifact id: 'c3e769dc92fb91cde2af820b884ed27b') in 0.021419 seconds
  Import took 0.027971 seconds .

========================================================================
Received Prepare
Registering precompiled user dll's ...
Registered in 0.020081 seconds.
Begin MonoManager ReloadAssembly
Native extension for WindowsStandalone target not found
Refreshing native plugins compatible for Editor in 1.81 ms, found 2 plugins.
Preloading 0 native plugins for Editor in 0.00 ms.
Mono: successfully reloaded assembly
- Completed reload, in  2.235 seconds
Platform modules already initialized, skipping
Refreshing native plugins compatible for Editor in 1.86 ms, found 2 plugins.
Preloading 0 native plugins for Editor in 0.00 ms.
Unloading 1584 Unused Serialized files (Serialized files now loaded: 0)
System memory in use before: 74.2 MB.
System memory in use after: 74.3 MB.

Unloading 59 unused Assets to reduce memory usage. Loaded Objects now: 2145.
Total: 5.332000 ms (FindLiveObjects: 0.293500 ms CreateObjectMapping: 0.117300 ms MarkObjects: 4.771000 ms  DeleteObjects: 0.148100 ms)

========================================================================
Received Import Request.
  Time since last request: 75.361742 seconds.
  path: Assets/Scripts/BallHandler.cs
  artifactKey: Guid(fcec6d9001f808e4f8f505f023ec77af) Importer(815301076,1909f56bfc062723c751e8b465ee728b)
Start importing Assets/Scripts/BallHandler.cs using Guid(fcec6d9001f808e4f8f505f023ec77af) Importer(815301076,1909f56bfc062723c751e8b465ee728b)  -> (artifact id: '6f79b5c74b866046a9db702850a47824') in 0.014785 seconds
  Import took 0.023262 seconds .

========================================================================
Received Prepare
Registering precompiled user dll's ...
Registered in 0.035060 seconds.
Begin MonoManager ReloadAssembly
Native extension for WindowsStandalone target not found
Refreshing native plugins compatible for Editor in 1.12 ms, found 2 plugins.
Preloading 0 native plugins for Editor in 0.00 ms.
Mono: successfully reloaded assembly
- Completed reload, in  2.381 seconds
Platform modules already initialized, skipping
Refreshing native plugins compatible for Editor in 1.06 ms, found 2 plugins.
Preloading 0 native plugins for Editor in 0.00 ms.
Unloading 1584 Unused Serialized files (Serialized files now loaded: 0)
System memory in use before: 74.2 MB.
System memory in use after: 74.3 MB.

Unloading 59 unused Assets to reduce memory usage. Loaded Objects now: 2148.
Total: 6.063500 ms (FindLiveObjects: 0.301800 ms CreateObjectMapping: 0.108200 ms MarkObjects: 5.559000 ms  DeleteObjects: 0.092700 ms)

========================================================================
Received Import Request.
  Time since last request: 63.900731 seconds.
  path: Assets/Scripts/BallHandler.cs
  artifactKey: Guid(fcec6d9001f808e4f8f505f023ec77af) Importer(815301076,1909f56bfc062723c751e8b465ee728b)
Start importing Assets/Scripts/BallHandler.cs using Guid(fcec6d9001f808e4f8f505f023ec77af) Importer(815301076,1909f56bfc062723c751e8b465ee728b)  -> (artifact id: '3ccbb72d3f5f50c63474e5721017b2de') in 0.011234 seconds
  Import took 0.015985 seconds .

========================================================================
Received Prepare
Registering precompiled user dll's ...
Registered in 0.023702 seconds.
Begin MonoManager ReloadAssembly
Native extension for WindowsStandalone target not found
Refreshing native plugins compatible for Editor in 0.94 ms, found 2 plugins.
Preloading 0 native plugins for Editor in 0.00 ms.
Mono: successfully reloaded assembly
- Completed reload, in  2.097 seconds
Platform modules already initialized, skipping
Refreshing native plugins compatible for Editor in 1.96 ms, found 2 plugins.
Preloading 0 native plugins for Editor in 0.00 ms.
Unloading 1584 Unused Serialized files (Serialized files now loaded: 0)
System memory in use before: 74.3 MB.
System memory in use after: 74.3 MB.

Unloading 59 unused Assets to reduce memory usage. Loaded Objects now: 2151.
Total: 3.817500 ms (FindLiveObjects: 0.317500 ms CreateObjectMapping: 0.123900 ms MarkObjects: 3.268300 ms  DeleteObjects: 0.105500 ms)

========================================================================
Received Import Request.
  Time since last request: 64.203928 seconds.
  path: Assets/Scripts/BallHandler.cs
  artifactKey: Guid(fcec6d9001f808e4f8f505f023ec77af) Importer(815301076,1909f56bfc062723c751e8b465ee728b)
Start importing Assets/Scripts/BallHandler.cs using Guid(fcec6d9001f808e4f8f505f023ec77af) Importer(815301076,1909f56bfc062723c751e8b465ee728b)  -> (artifact id: 'bbb792d6d9ba175684634a63fde96f6d') in 0.012048 seconds
  Import took 0.018133 seconds .

========================================================================
Received Prepare
Registering precompiled user dll's ...
Registered in 0.026972 seconds.
Begin MonoManager ReloadAssembly
Native extension for WindowsStandalone target not found
Refreshing native plugins compatible for Editor in 0.94 ms, found 2 plugins.
Preloading 0 native plugins for Editor in 0.00 ms.
Mono: successfully reloaded assembly
- Completed reload, in  1.876 seconds
Platform modules already initialized, skipping
Refreshing native plugins compatible for Editor in 0.94 ms, found 2 plugins.
Preloading 0 native plugins for Editor in 0.00 ms.
Unloading 1584 Unused Serialized files (Serialized files now loaded: 0)
System memory in use before: 74.3 MB.
System memory in use after: 74.4 MB.

Unloading 59 unused Assets to reduce memory usage. Loaded Objects now: 2154.
Total: 3.304200 ms (FindLiveObjects: 0.238700 ms CreateObjectMapping: 0.095000 ms MarkObjects: 2.861900 ms  DeleteObjects: 0.107200 ms)

========================================================================
Received Prepare
Registering precompiled user dll's ...
Registered in 0.026025 seconds.
Begin MonoManager ReloadAssembly
Native extension for WindowsStandalone target not found
Refreshing native plugins compatible for Editor in 1.77 ms, found 2 plugins.
Preloading 0 native plugins for Editor in 0.00 ms.
Mono: successfully reloaded assembly
- Completed reload, in  2.525 seconds
Platform modules already initialized, skipping
Refreshing native plugins compatible for Editor in 0.95 ms, found 2 plugins.
Preloading 0 native plugins for Editor in 0.00 ms.
Unloading 1584 Unused Serialized files (Serialized files now loaded: 0)
System memory in use before: 74.3 MB.
System memory in use after: 74.4 MB.

Unloading 59 unused Assets to reduce memory usage. Loaded Objects now: 2157.
Total: 3.635700 ms (FindLiveObjects: 0.237700 ms CreateObjectMapping: 0.094000 ms MarkObjects: 3.173300 ms  DeleteObjects: 0.129200 ms)

========================================================================
Received Import Request.
  Time since last request: 482.776877 seconds.
  path: Assets/Scripts/BallHandler.cs
  artifactKey: Guid(fcec6d9001f808e4f8f505f023ec77af) Importer(815301076,1909f56bfc062723c751e8b465ee728b)
Start importing Assets/Scripts/BallHandler.cs using Guid(fcec6d9001f808e4f8f505f023ec77af) Importer(815301076,1909f56bfc062723c751e8b465ee728b)  -> (artifact id: '6f3e7a93ba40b637eef2bb168f04b542') in 0.011579 seconds
  Import took 0.017667 seconds .

========================================================================
Received Prepare
Registering precompiled user dll's ...
Registered in 0.019396 seconds.
Begin MonoManager ReloadAssembly
Native extension for WindowsStandalone target not found
Refreshing native plugins compatible for Editor in 2.03 ms, found 2 plugins.
Preloading 0 native plugins for Editor in 0.00 ms.
Mono: successfully reloaded assembly
- Completed reload, in  2.009 seconds
Platform modules already initialized, skipping
Refreshing native plugins compatible for Editor in 1.15 ms, found 2 plugins.
Preloading 0 native plugins for Editor in 0.00 ms.
Unloading 1584 Unused Serialized files (Serialized files now loaded: 0)
System memory in use before: 74.3 MB.
System memory in use after: 74.4 MB.

Unloading 59 unused Assets to reduce memory usage. Loaded Objects now: 2160.
Total: 3.280800 ms (FindLiveObjects: 0.263400 ms CreateObjectMapping: 0.089000 ms MarkObjects: 2.831200 ms  DeleteObjects: 0.095900 ms)

========================================================================
Received Import Request.
  Time since last request: 73.067081 seconds.
  path: Assets/Scripts/BallHandler.cs
  artifactKey: Guid(fcec6d9001f808e4f8f505f023ec77af) Importer(815301076,1909f56bfc062723c751e8b465ee728b)
Start importing Assets/Scripts/BallHandler.cs using Guid(fcec6d9001f808e4f8f505f023ec77af) Importer(815301076,1909f56bfc062723c751e8b465ee728b)  -> (artifact id: 'cfeaf7b646910088b2104e887e4c3f78') in 0.008584 seconds
  Import took 0.013404 seconds .

========================================================================
Received Prepare
Registering precompiled user dll's ...
Registered in 0.017882 seconds.
Begin MonoManager ReloadAssembly
Native extension for WindowsStandalone target not found
Refreshing native plugins compatible for Editor in 0.97 ms, found 2 plugins.
Preloading 0 native plugins for Editor in 0.00 ms.
Mono: successfully reloaded assembly
- Completed reload, in  1.850 seconds
Platform modules already initialized, skipping
Refreshing native plugins compatible for Editor in 1.53 ms, found 2 plugins.
Preloading 0 native plugins for Editor in 0.00 ms.
Unloading 1584 Unused Serialized files (Serialized files now loaded: 0)
System memory in use before: 74.3 MB.
System memory in use after: 74.4 MB.

Unloading 59 unused Assets to reduce memory usage. Loaded Objects now: 2163.
Total: 5.426100 ms (FindLiveObjects: 0.244600 ms CreateObjectMapping: 0.091100 ms MarkObjects: 4.776200 ms  DeleteObjects: 0.311800 ms)

========================================================================
Received Prepare
Registering precompiled user dll's ...
Registered in 0.026309 seconds.
Begin MonoManager ReloadAssembly
Native extension for WindowsStandalone target not found
Refreshing native plugins compatible for Editor in 4.67 ms, found 2 plugins.
Preloading 0 native plugins for Editor in 0.00 ms.
Mono: successfully reloaded assembly
- Completed reload, in  2.910 seconds
Platform modules already initialized, skipping
Refreshing native plugins compatible for Editor in 1.01 ms, found 2 plugins.
Preloading 0 native plugins for Editor in 0.00 ms.
Unloading 1584 Unused Serialized files (Serialized files now loaded: 0)
System memory in use before: 74.3 MB.
System memory in use after: 74.4 MB.

Unloading 59 unused Assets to reduce memory usage. Loaded Objects now: 2166.
Total: 4.100000 ms (FindLiveObjects: 0.238600 ms CreateObjectMapping: 0.086100 ms MarkObjects: 3.643300 ms  DeleteObjects: 0.130500 ms)

========================================================================
Received Import Request.
  Time since last request: 472.317053 seconds.
  path: Assets/Scripts/BallHandler.cs
  artifactKey: Guid(fcec6d9001f808e4f8f505f023ec77af) Importer(815301076,1909f56bfc062723c751e8b465ee728b)
Start importing Assets/Scripts/BallHandler.cs using Guid(fcec6d9001f808e4f8f505f023ec77af) Importer(815301076,1909f56bfc062723c751e8b465ee728b)  -> (artifact id: '2c93a3d26c0e24bfd6eeec4f78759992') in 0.018764 seconds
  Import took 0.029874 seconds .

========================================================================
Received Prepare
Registering precompiled user dll's ...
Registered in 0.017704 seconds.
Begin MonoManager ReloadAssembly
Native extension for WindowsStandalone target not found
Refreshing native plugins compatible for Editor in 1.52 ms, found 2 plugins.
Preloading 0 native plugins for Editor in 0.00 ms.
Mono: successfully reloaded assembly
- Completed reload, in  2.801 seconds
Platform modules already initialized, skipping
Refreshing native plugins compatible for Editor in 1.14 ms, found 2 plugins.
Preloading 0 native plugins for Editor in 0.00 ms.
Unloading 1584 Unused Serialized files (Serialized files now loaded: 0)
System memory in use before: 74.3 MB.
System memory in use after: 74.4 MB.

Unloading 59 unused Assets to reduce memory usage. Loaded Objects now: 2169.
Total: 6.348800 ms (FindLiveObjects: 0.241200 ms CreateObjectMapping: 0.100200 ms MarkObjects: 5.901400 ms  DeleteObjects: 0.104100 ms)

========================================================================
Received Prepare
Registering precompiled user dll's ...
Registered in 0.030695 seconds.
Begin MonoManager ReloadAssembly
Native extension for WindowsStandalone target not found
Refreshing native plugins compatible for Editor in 1.87 ms, found 2 plugins.
Preloading 0 native plugins for Editor in 0.00 ms.
Mono: successfully reloaded assembly
- Completed reload, in  2.945 seconds
Platform modules already initialized, skipping
Refreshing native plugins compatible for Editor in 1.04 ms, found 2 plugins.
Preloading 0 native plugins for Editor in 0.00 ms.
Unloading 1584 Unused Serialized files (Serialized files now loaded: 0)
System memory in use before: 74.3 MB.
System memory in use after: 74.4 MB.

Unloading 59 unused Assets to reduce memory usage. Loaded Objects now: 2172.
Total: 3.701300 ms (FindLiveObjects: 0.398800 ms CreateObjectMapping: 0.175300 ms MarkObjects: 3.030200 ms  DeleteObjects: 0.095200 ms)

========================================================================
Received Import Request.
  Time since last request: 114.260755 seconds.
  path: Assets/Scripts/BallHandler.cs
  artifactKey: Guid(fcec6d9001f808e4f8f505f023ec77af) Importer(815301076,1909f56bfc062723c751e8b465ee728b)
Start importing Assets/Scripts/BallHandler.cs using Guid(fcec6d9001f808e4f8f505f023ec77af) Importer(815301076,1909f56bfc062723c751e8b465ee728b)  -> (artifact id: 'd69c7b0969dc7bd9a6c678161befe1a5') in 0.008123 seconds
  Import took 0.012816 seconds .

========================================================================
Received Prepare
Registering precompiled user dll's ...
Registered in 0.021213 seconds.
Begin MonoManager ReloadAssembly
Native extension for WindowsStandalone target not found
Refreshing native plugins compatible for Editor in 3.20 ms, found 2 plugins.
Preloading 0 native plugins for Editor in 0.00 ms.
Mono: successfully reloaded assembly
- Completed reload, in  2.491 seconds
Platform modules already initialized, skipping
Refreshing native plugins compatible for Editor in 0.95 ms, found 2 plugins.
Preloading 0 native plugins for Editor in 0.00 ms.
Unloading 1584 Unused Serialized files (Serialized files now loaded: 0)
System memory in use before: 74.3 MB.
System memory in use after: 74.4 MB.

Unloading 59 unused Assets to reduce memory usage. Loaded Objects now: 2175.
Total: 3.487400 ms (FindLiveObjects: 0.415600 ms CreateObjectMapping: 0.097300 ms MarkObjects: 2.875400 ms  DeleteObjects: 0.096200 ms)

========================================================================
Received Import Request.
  Time since last request: 113.673936 seconds.
  path: Assets/Scripts/BallHandler.cs
  artifactKey: Guid(fcec6d9001f808e4f8f505f023ec77af) Importer(815301076,1909f56bfc062723c751e8b465ee728b)
Start importing Assets/Scripts/BallHandler.cs using Guid(fcec6d9001f808e4f8f505f023ec77af) Importer(815301076,1909f56bfc062723c751e8b465ee728b)  -> (artifact id: '6dee87f76413b9b69f7e77da80cea13c') in 0.012915 seconds
  Import took 0.018700 seconds .

========================================================================
Received Prepare
Registering precompiled user dll's ...
Registered in 0.024868 seconds.
Begin MonoManager ReloadAssembly
Native extension for WindowsStandalone target not found
Refreshing native plugins compatible for Editor in 1.31 ms, found 2 plugins.
Preloading 0 native plugins for Editor in 0.00 ms.
Mono: successfully reloaded assembly
- Completed reload, in  2.962 seconds
Platform modules already initialized, skipping
Refreshing native plugins compatible for Editor in 1.30 ms, found 2 plugins.
Preloading 0 native plugins for Editor in 0.00 ms.
Unloading 1584 Unused Serialized files (Serialized files now loaded: 0)
System memory in use before: 74.3 MB.
System memory in use after: 74.4 MB.

Unloading 59 unused Assets to reduce memory usage. Loaded Objects now: 2178.
Total: 4.637600 ms (FindLiveObjects: 0.222800 ms CreateObjectMapping: 0.095000 ms MarkObjects: 4.214900 ms  DeleteObjects: 0.103300 ms)

========================================================================
Received Import Request.
  Time since last request: 85.165769 seconds.
  path: Assets/Scripts/BallHandler.cs
  artifactKey: Guid(fcec6d9001f808e4f8f505f023ec77af) Importer(815301076,1909f56bfc062723c751e8b465ee728b)
Start importing Assets/Scripts/BallHandler.cs using Guid(fcec6d9001f808e4f8f505f023ec77af) Importer(815301076,1909f56bfc062723c751e8b465ee728b)  -> (artifact id: '1b9f7ebff4e2aef362ac550b6863c3f2') in 0.009810 seconds
  Import took 0.015425 seconds .

========================================================================
Received Prepare
Registering precompiled user dll's ...
Registered in 0.024180 seconds.
Begin MonoManager ReloadAssembly
Native extension for WindowsStandalone target not found
Refreshing native plugins compatible for Editor in 1.18 ms, found 2 plugins.
Preloading 0 native plugins for Editor in 0.00 ms.
Mono: successfully reloaded assembly
- Completed reload, in  2.289 seconds
Platform modules already initialized, skipping
Refreshing native plugins compatible for Editor in 1.06 ms, found 2 plugins.
Preloading 0 native plugins for Editor in 0.00 ms.
Unloading 1584 Unused Serialized files (Serialized files now loaded: 0)
System memory in use before: 74.4 MB.
System memory in use after: 74.4 MB.

Unloading 59 unused Assets to reduce memory usage. Loaded Objects now: 2181.
Total: 4.169100 ms (FindLiveObjects: 0.217100 ms CreateObjectMapping: 0.257200 ms MarkObjects: 3.564500 ms  DeleteObjects: 0.128700 ms)

========================================================================
Received Import Request.
  Time since last request: 364.312965 seconds.
  path: Assets/Scripts/BallHandler.cs
  artifactKey: Guid(fcec6d9001f808e4f8f505f023ec77af) Importer(815301076,1909f56bfc062723c751e8b465ee728b)
Start importing Assets/Scripts/BallHandler.cs using Guid(fcec6d9001f808e4f8f505f023ec77af) Importer(815301076,1909f56bfc062723c751e8b465ee728b)  -> (artifact id: '5253fa7e7da91e555b54a5092d7e135c') in 0.011359 seconds
  Import took 0.017293 seconds .

========================================================================
Received Prepare
Registering precompiled user dll's ...
Registered in 0.022768 seconds.
Begin MonoManager ReloadAssembly
Native extension for WindowsStandalone target not found
Refreshing native plugins compatible for Editor in 1.01 ms, found 2 plugins.
Preloading 0 native plugins for Editor in 0.00 ms.
Mono: successfully reloaded assembly
- Completed reload, in  2.156 seconds
Platform modules already initialized, skipping
Refreshing native plugins compatible for Editor in 2.49 ms, found 2 plugins.
Preloading 0 native plugins for Editor in 0.00 ms.
Unloading 1584 Unused Serialized files (Serialized files now loaded: 0)
System memory in use before: 74.4 MB.
System memory in use after: 74.4 MB.

Unloading 59 unused Assets to reduce memory usage. Loaded Objects now: 2184.
Total: 4.979600 ms (FindLiveObjects: 0.242100 ms CreateObjectMapping: 0.095600 ms MarkObjects: 4.500200 ms  DeleteObjects: 0.139400 ms)

========================================================================
Received Import Request.
  Time since last request: 88.126192 seconds.
  path: Assets/Scripts/BallHandler.cs
  artifactKey: Guid(fcec6d9001f808e4f8f505f023ec77af) Importer(815301076,1909f56bfc062723c751e8b465ee728b)
Start importing Assets/Scripts/BallHandler.cs using Guid(fcec6d9001f808e4f8f505f023ec77af) Importer(815301076,1909f56bfc062723c751e8b465ee728b)  -> (artifact id: '301c57070dbe315f725dde68ef5f7d3a') in 0.020458 seconds
  Import took 0.030383 seconds .

========================================================================
Received Prepare
Registering precompiled user dll's ...
Registered in 0.022070 seconds.
Begin MonoManager ReloadAssembly
Native extension for WindowsStandalone target not found
Refreshing native plugins compatible for Editor in 1.08 ms, found 2 plugins.
Preloading 0 native plugins for Editor in 0.00 ms.
Mono: successfully reloaded assembly
- Completed reload, in  2.759 seconds
Platform modules already initialized, skipping
Refreshing native plugins compatible for Editor in 2.04 ms, found 2 plugins.
Preloading 0 native plugins for Editor in 0.00 ms.
Unloading 1584 Unused Serialized files (Serialized files now loaded: 0)
System memory in use before: 74.4 MB.
System memory in use after: 74.4 MB.

Unloading 59 unused Assets to reduce memory usage. Loaded Objects now: 2187.
Total: 13.008100 ms (FindLiveObjects: 1.854200 ms CreateObjectMapping: 0.182100 ms MarkObjects: 10.689700 ms  DeleteObjects: 0.279800 ms)

========================================================================
Received Import Request.
  Time since last request: 71.062148 seconds.
  path: Assets/Scripts/BallHandler.cs
  artifactKey: Guid(fcec6d9001f808e4f8f505f023ec77af) Importer(815301076,1909f56bfc062723c751e8b465ee728b)
Start importing Assets/Scripts/BallHandler.cs using Guid(fcec6d9001f808e4f8f505f023ec77af) Importer(815301076,1909f56bfc062723c751e8b465ee728b)  -> (artifact id: 'dc799169ad473a6994b9c47f5f8f04c7') in 0.012325 seconds
  Import took 0.021230 seconds .

========================================================================
Received Prepare
Registering precompiled user dll's ...
Registered in 0.021701 seconds.
Begin MonoManager ReloadAssembly
Native extension for WindowsStandalone target not found
Refreshing native plugins compatible for Editor in 3.81 ms, found 2 plugins.
Preloading 0 native plugins for Editor in 0.00 ms.
Mono: successfully reloaded assembly
- Completed reload, in  2.332 seconds
Platform modules already initialized, skipping
Refreshing native plugins compatible for Editor in 0.93 ms, found 2 plugins.
Preloading 0 native plugins for Editor in 0.00 ms.
Unloading 1584 Unused Serialized files (Serialized files now loaded: 0)
System memory in use before: 74.4 MB.
System memory in use after: 74.5 MB.

Unloading 59 unused Assets to reduce memory usage. Loaded Objects now: 2190.
Total: 3.043500 ms (FindLiveObjects: 0.245100 ms CreateObjectMapping: 0.186800 ms MarkObjects: 2.509800 ms  DeleteObjects: 0.100200 ms)

========================================================================
Received Import Request.
  Time since last request: 100.382195 seconds.
  path: ProjectSettings/TagManager.asset
  artifactKey: Guid(00000000000000003000000000000000) Importer(815301076,1909f56bfc062723c751e8b465ee728b)
Start importing ProjectSettings/TagManager.asset using Guid(00000000000000003000000000000000) Importer(815301076,1909f56bfc062723c751e8b465ee728b)  -> (artifact id: 'b5c8c23fe5570caac1e678dd78f13ccc') in 0.052381 seconds
  Import took 0.057634 seconds .

========================================================================
Received Prepare
Registering precompiled user dll's ...
Registered in 0.023665 seconds.
Begin MonoManager ReloadAssembly
Native extension for WindowsStandalone target not found
Refreshing native plugins compatible for Editor in 2.21 ms, found 2 plugins.
Preloading 0 native plugins for Editor in 0.00 ms.
Mono: successfully reloaded assembly
- Completed reload, in  2.353 seconds
Platform modules already initialized, skipping
Refreshing native plugins compatible for Editor in 1.36 ms, found 2 plugins.
Preloading 0 native plugins for Editor in 0.00 ms.
Unloading 1584 Unused Serialized files (Serialized files now loaded: 0)
System memory in use before: 74.4 MB.
System memory in use after: 74.5 MB.

Unloading 60 unused Assets to reduce memory usage. Loaded Objects now: 2193.
Total: 3.456300 ms (FindLiveObjects: 0.238800 ms CreateObjectMapping: 0.378100 ms MarkObjects: 2.727200 ms  DeleteObjects: 0.110800 ms)

========================================================================
Received Prepare
Registering precompiled user dll's ...
Registered in 0.027850 seconds.
Begin MonoManager ReloadAssembly
Native extension for WindowsStandalone target not found
Refreshing native plugins compatible for Editor in 1.13 ms, found 2 plugins.
Preloading 0 native plugins for Editor in 0.00 ms.
Mono: successfully reloaded assembly
- Completed reload, in  2.799 seconds
Platform modules already initialized, skipping
Refreshing native plugins compatible for Editor in 2.63 ms, found 2 plugins.
Preloading 0 native plugins for Editor in 0.00 ms.
Unloading 1584 Unused Serialized files (Serialized files now loaded: 0)
System memory in use before: 74.4 MB.
System memory in use after: 74.5 MB.

Unloading 59 unused Assets to reduce memory usage. Loaded Objects now: 2196.
Total: 3.308100 ms (FindLiveObjects: 0.357500 ms CreateObjectMapping: 0.134500 ms MarkObjects: 2.700700 ms  DeleteObjects: 0.113300 ms)

========================================================================
Received Prepare
Registering precompiled user dll's ...
Registered in 0.035871 seconds.
Begin MonoManager ReloadAssembly
Native extension for WindowsStandalone target not found
Refreshing native plugins compatible for Editor in 3.22 ms, found 2 plugins.
Preloading 0 native plugins for Editor in 0.00 ms.
Mono: successfully reloaded assembly
- Completed reload, in  2.799 seconds
Platform modules already initialized, skipping
Refreshing native plugins compatible for Editor in 1.65 ms, found 2 plugins.
Preloading 0 native plugins for Editor in 0.00 ms.
Unloading 1584 Unused Serialized files (Serialized files now loaded: 0)
System memory in use before: 74.4 MB.
System memory in use after: 74.5 MB.

Unloading 59 unused Assets to reduce memory usage. Loaded Objects now: 2199.
Total: 4.617000 ms (FindLiveObjects: 0.354700 ms CreateObjectMapping: 0.159400 ms MarkObjects: 3.946300 ms  DeleteObjects: 0.154400 ms)

========================================================================
Received Prepare
Registering precompiled user dll's ...
Registered in 0.021241 seconds.
Begin MonoManager ReloadAssembly
Native extension for WindowsStandalone target not found
Refreshing native plugins compatible for Editor in 1.02 ms, found 2 plugins.
Preloading 0 native plugins for Editor in 0.00 ms.
Mono: successfully reloaded assembly
- Completed reload, in  2.280 seconds
Platform modules already initialized, skipping
Refreshing native plugins compatible for Editor in 1.10 ms, found 2 plugins.
Preloading 0 native plugins for Editor in 0.00 ms.
Unloading 1584 Unused Serialized files (Serialized files now loaded: 0)
System memory in use before: 74.4 MB.
System memory in use after: 74.5 MB.

Unloading 59 unused Assets to reduce memory usage. Loaded Objects now: 2202.
Total: 4.496300 ms (FindLiveObjects: 0.502300 ms CreateObjectMapping: 0.200900 ms MarkObjects: 3.688000 ms  DeleteObjects: 0.100600 ms)

========================================================================
Received Prepare
Registering precompiled user dll's ...
Registered in 0.132419 seconds.
Begin MonoManager ReloadAssembly
Native extension for WindowsStandalone target not found
Refreshing native plugins compatible for Editor in 8.31 ms, found 2 plugins.
Preloading 0 native plugins for Editor in 0.00 ms.
Mono: successfully reloaded assembly
- Completed reload, in 20.757 seconds
Platform modules already initialized, skipping
Refreshing native plugins compatible for Editor in 1.09 ms, found 2 plugins.
Preloading 0 native plugins for Editor in 0.00 ms.
Unloading 1584 Unused Serialized files (Serialized files now loaded: 0)
System memory in use before: 74.4 MB.
System memory in use after: 74.5 MB.

Unloading 59 unused Assets to reduce memory usage. Loaded Objects now: 2205.
Total: 7.001900 ms (FindLiveObjects: 0.278800 ms CreateObjectMapping: 0.096100 ms MarkObjects: 6.331900 ms  DeleteObjects: 0.293500 ms)

========================================================================
Received Prepare
Registering precompiled user dll's ...
Registered in 0.024450 seconds.
Begin MonoManager ReloadAssembly
Native extension for WindowsStandalone target not found
Refreshing native plugins compatible for Editor in 1.14 ms, found 2 plugins.
Preloading 0 native plugins for Editor in 0.00 ms.
Mono: successfully reloaded assembly
- Completed reload, in  2.149 seconds
Platform modules already initialized, skipping
Refreshing native plugins compatible for Editor in 1.20 ms, found 2 plugins.
Preloading 0 native plugins for Editor in 0.00 ms.
Unloading 1584 Unused Serialized files (Serialized files now loaded: 0)
System memory in use before: 74.4 MB.
System memory in use after: 74.5 MB.

Unloading 59 unused Assets to reduce memory usage. Loaded Objects now: 2208.
Total: 3.363800 ms (FindLiveObjects: 0.220700 ms CreateObjectMapping: 0.083300 ms MarkObjects: 2.962900 ms  DeleteObjects: 0.095300 ms)

========================================================================
Received Prepare
Registering precompiled user dll's ...
Registered in 0.021805 seconds.
Begin MonoManager ReloadAssembly
Native extension for WindowsStandalone target not found
Refreshing native plugins compatible for Editor in 1.21 ms, found 2 plugins.
Preloading 0 native plugins for Editor in 0.00 ms.
Mono: successfully reloaded assembly
- Completed reload, in  2.312 seconds
Platform modules already initialized, skipping
Refreshing native plugins compatible for Editor in 1.05 ms, found 2 plugins.
Preloading 0 native plugins for Editor in 0.00 ms.
Unloading 1584 Unused Serialized files (Serialized files now loaded: 0)
System memory in use before: 74.4 MB.
System memory in use after: 74.5 MB.

Unloading 59 unused Assets to reduce memory usage. Loaded Objects now: 2211.
Total: 6.489900 ms (FindLiveObjects: 1.786500 ms CreateObjectMapping: 0.242600 ms MarkObjects: 4.334300 ms  DeleteObjects: 0.124300 ms)

========================================================================
Received Prepare
Registering precompiled user dll's ...
Registered in 0.022876 seconds.
Begin MonoManager ReloadAssembly
Native extension for WindowsStandalone target not found
Refreshing native plugins compatible for Editor in 1.10 ms, found 2 plugins.
Preloading 0 native plugins for Editor in 0.00 ms.
Mono: successfully reloaded assembly
- Completed reload, in  2.449 seconds
Platform modules already initialized, skipping
Refreshing native plugins compatible for Editor in 4.09 ms, found 2 plugins.
Preloading 0 native plugins for Editor in 0.00 ms.
Unloading 1584 Unused Serialized files (Serialized files now loaded: 0)
System memory in use before: 74.4 MB.
System memory in use after: 74.5 MB.

Unloading 59 unused Assets to reduce memory usage. Loaded Objects now: 2214.
Total: 7.594400 ms (FindLiveObjects: 0.495600 ms CreateObjectMapping: 0.189800 ms MarkObjects: 6.787200 ms  DeleteObjects: 0.119100 ms)

========================================================================
Received Prepare
Registering precompiled user dll's ...
Registered in 0.024383 seconds.
Begin MonoManager ReloadAssembly
Native extension for WindowsStandalone target not found
Refreshing native plugins compatible for Editor in 0.95 ms, found 2 plugins.
Preloading 0 native plugins for Editor in 0.00 ms.
Mono: successfully reloaded assembly
- Completed reload, in  2.556 seconds
Platform modules already initialized, skipping
Refreshing native plugins compatible for Editor in 0.95 ms, found 2 plugins.
Preloading 0 native plugins for Editor in 0.00 ms.
Unloading 1584 Unused Serialized files (Serialized files now loaded: 0)
System memory in use before: 74.4 MB.
System memory in use after: 74.5 MB.

Unloading 59 unused Assets to reduce memory usage. Loaded Objects now: 2217.
Total: 4.525400 ms (FindLiveObjects: 0.340500 ms CreateObjectMapping: 0.131700 ms MarkObjects: 3.945000 ms  DeleteObjects: 0.106200 ms)

========================================================================
Received Prepare
Registering precompiled user dll's ...
Registered in 0.038778 seconds.
Begin MonoManager ReloadAssembly
Native extension for WindowsStandalone target not found
Refreshing native plugins compatible for Editor in 1.83 ms, found 2 plugins.
Preloading 0 native plugins for Editor in 0.00 ms.
Mono: successfully reloaded assembly
- Completed reload, in  3.207 seconds
Platform modules already initialized, skipping
Refreshing native plugins compatible for Editor in 1.89 ms, found 2 plugins.
Preloading 0 native plugins for Editor in 0.00 ms.
Unloading 1584 Unused Serialized files (Serialized files now loaded: 0)
System memory in use before: 74.4 MB.
System memory in use after: 74.5 MB.

Unloading 59 unused Assets to reduce memory usage. Loaded Objects now: 2220.
Total: 6.450500 ms (FindLiveObjects: 0.386100 ms CreateObjectMapping: 0.124200 ms MarkObjects: 5.752800 ms  DeleteObjects: 0.163700 ms)

========================================================================
Received Prepare
Registering precompiled user dll's ...
Registered in 0.023728 seconds.
Begin MonoManager ReloadAssembly
Native extension for WindowsStandalone target not found
Refreshing native plugins compatible for Editor in 1.03 ms, found 2 plugins.
Preloading 0 native plugins for Editor in 0.00 ms.
Mono: successfully reloaded assembly
- Completed reload, in  2.712 seconds
Platform modules already initialized, skipping
Refreshing native plugins compatible for Editor in 1.19 ms, found 2 plugins.
Preloading 0 native plugins for Editor in 0.00 ms.
Unloading 1584 Unused Serialized files (Serialized files now loaded: 0)
System memory in use before: 74.4 MB.
System memory in use after: 74.5 MB.

Unloading 59 unused Assets to reduce memory usage. Loaded Objects now: 2223.
Total: 4.029200 ms (FindLiveObjects: 0.303800 ms CreateObjectMapping: 0.120000 ms MarkObjects: 3.489000 ms  DeleteObjects: 0.114300 ms)

========================================================================
Received Prepare
Registering precompiled user dll's ...
Registered in 0.020130 seconds.
Begin MonoManager ReloadAssembly
Native extension for WindowsStandalone target not found
Refreshing native plugins compatible for Editor in 1.34 ms, found 2 plugins.
Preloading 0 native plugins for Editor in 0.00 ms.
Mono: successfully reloaded assembly
- Completed reload, in  3.712 seconds
Platform modules already initialized, skipping
Refreshing native plugins compatible for Editor in 0.96 ms, found 2 plugins.
Preloading 0 native plugins for Editor in 0.00 ms.
Unloading 1584 Unused Serialized files (Serialized files now loaded: 0)
System memory in use before: 74.4 MB.
System memory in use after: 74.5 MB.

Unloading 59 unused Assets to reduce memory usage. Loaded Objects now: 2226.
Total: 4.328200 ms (FindLiveObjects: 0.235100 ms CreateObjectMapping: 0.088200 ms MarkObjects: 3.869300 ms  DeleteObjects: 0.133500 ms)

========================================================================
Received Prepare
Registering precompiled user dll's ...
Registered in 0.018444 seconds.
Begin MonoManager ReloadAssembly
Native extension for WindowsStandalone target not found
Refreshing native plugins compatible for Editor in 1.92 ms, found 2 plugins.
Preloading 0 native plugins for Editor in 0.00 ms.
Mono: successfully reloaded assembly
- Completed reload, in  3.079 seconds
Platform modules already initialized, skipping
Refreshing native plugins compatible for Editor in 1.94 ms, found 2 plugins.
Preloading 0 native plugins for Editor in 0.00 ms.
Unloading 1584 Unused Serialized files (Serialized files now loaded: 0)
System memory in use before: 74.5 MB.
System memory in use after: 74.5 MB.

Unloading 59 unused Assets to reduce memory usage. Loaded Objects now: 2229.
Total: 3.323100 ms (FindLiveObjects: 0.320600 ms CreateObjectMapping: 0.097900 ms MarkObjects: 2.770200 ms  DeleteObjects: 0.132300 ms)

========================================================================
Received Import Request.
  Time since last request: 2789.002801 seconds.
  path: Assets/Prefabs/AI_Player_Blue.prefab
  artifactKey: Guid(b46234024138e4447ba8a21758515a04) Importer(815301076,1909f56bfc062723c751e8b465ee728b)
Start importing Assets/Prefabs/AI_Player_Blue.prefab using Guid(b46234024138e4447ba8a21758515a04) Importer(815301076,1909f56bfc062723c751e8b465ee728b)  -> (artifact id: 'ba28777fab9b471c146db729ce6d522d') in 0.531710 seconds
  Import took 0.543890 seconds .

========================================================================
Received Import Request.
  Time since last request: 0.000741 seconds.
  path: Assets/Prefabs/Character_Body.prefab
  artifactKey: Guid(70d93600a52d72d41a90921ef1148647) Importer(815301076,1909f56bfc062723c751e8b465ee728b)
Start importing Assets/Prefabs/Character_Body.prefab using Guid(70d93600a52d72d41a90921ef1148647) Importer(815301076,1909f56bfc062723c751e8b465ee728b)  -> (artifact id: '26bb9079026984d3070fdc78b8ee34f8') in 0.091818 seconds
  Import took 0.099555 seconds .

========================================================================
Received Import Request.
  Time since last request: 0.000287 seconds.
  path: Assets/Prefabs/AI_Player_Yellow.prefab
  artifactKey: Guid(03b6e90ff7c696e40a245d4a6d68dc54) Importer(815301076,1909f56bfc062723c751e8b465ee728b)
Start importing Assets/Prefabs/AI_Player_Yellow.prefab using Guid(03b6e90ff7c696e40a245d4a6d68dc54) Importer(815301076,1909f56bfc062723c751e8b465ee728b)  -> (artifact id: 'aee8bebc07427809fb46d4f8195b776f') in 0.134163 seconds
  Import took 0.140644 seconds .

========================================================================
Received Import Request.
  Time since last request: 4.687423 seconds.
  path: Assets/Prefabs/Balls
  artifactKey: Guid(6071a339bea490f449365481a687f8dd) Importer(815301076,1909f56bfc062723c751e8b465ee728b)
Start importing Assets/Prefabs/Balls using Guid(6071a339bea490f449365481a687f8dd) Importer(815301076,1909f56bfc062723c751e8b465ee728b)  -> (artifact id: '99a429c4e8e856c219dbc8bc7e8e5eae') in 0.033500 seconds
  Import took 0.041791 seconds .

========================================================================
Received Import Request.
  Time since last request: 0.039246 seconds.
  path: Assets/Prefabs/Balls/AI_Ball(Blue).prefab
  artifactKey: Guid(6cee1c2b04945004fa59411795ac0700) Importer(815301076,1909f56bfc062723c751e8b465ee728b)
Start importing Assets/Prefabs/Balls/AI_Ball(Blue).prefab using Guid(6cee1c2b04945004fa59411795ac0700) Importer(815301076,1909f56bfc062723c751e8b465ee728b)  -> (artifact id: 'bad331997b0e357e17d39a5b458da799') in 0.045771 seconds
  Import took 0.051453 seconds .

========================================================================
Received Import Request.
  Time since last request: 0.000281 seconds.
  path: Assets/Prefabs/Balls/AI_Ball(Yellow).prefab
  artifactKey: Guid(b3b71e5c1898ba24f882a23dffaf5b54) Importer(815301076,1909f56bfc062723c751e8b465ee728b)
Start importing Assets/Prefabs/Balls/AI_Ball(Yellow).prefab using Guid(b3b71e5c1898ba24f882a23dffaf5b54) Importer(815301076,1909f56bfc062723c751e8b465ee728b)  -> (artifact id: '39f00ba3ab990caf7f34ddb1094c6eeb') in 0.039038 seconds
  Import took 0.044237 seconds .

========================================================================
Received Import Request.
  Time since last request: 0.000331 seconds.
  path: Assets/Prefabs/Balls/Player_Ball.prefab
  artifactKey: Guid(f7843738c5e34274c9e41713072b5b5c) Importer(815301076,1909f56bfc062723c751e8b465ee728b)
Start importing Assets/Prefabs/Balls/Player_Ball.prefab using Guid(f7843738c5e34274c9e41713072b5b5c) Importer(815301076,1909f56bfc062723c751e8b465ee728b)  -> (artifact id: '7d14c1e0bbf7653c876b00a3c8f75941') in 0.046020 seconds
  Import took 0.054999 seconds .

========================================================================
Received Prepare
Registering precompiled user dll's ...
Registered in 0.020463 seconds.
Begin MonoManager ReloadAssembly
Native extension for WindowsStandalone target not found
Refreshing native plugins compatible for Editor in 1.07 ms, found 2 plugins.
Preloading 0 native plugins for Editor in 0.00 ms.
Mono: successfully reloaded assembly
- Completed reload, in  2.402 seconds
Platform modules already initialized, skipping
Refreshing native plugins compatible for Editor in 2.90 ms, found 2 plugins.
Preloading 0 native plugins for Editor in 0.00 ms.
Unloading 1584 Unused Serialized files (Serialized files now loaded: 0)
System memory in use before: 91.2 MB.
System memory in use after: 91.3 MB.

Unloading 59 unused Assets to reduce memory usage. Loaded Objects now: 2241.
Total: 3.548700 ms (FindLiveObjects: 0.348800 ms CreateObjectMapping: 0.136100 ms MarkObjects: 2.947600 ms  DeleteObjects: 0.114100 ms)

AssetImportWorkerClient::OnTransportError - code=2 error=End of file
